<?xml version="1.0" encoding="UTF-8"?>
<testsuite xmlns:xsi="http://www.w3.org/2001/XMLSchema-instance" xsi:noNamespaceSchemaLocation="https://maven.apache.org/surefire/maven-surefire-plugin/xsd/surefire-test-report.xsd" name="cin.microsservices.wildcats.pedido.PedidoApplicationTests" time="6.557" tests="1" errors="0" skipped="0" failures="0">
  <properties>
    <property name="sun.desktop" value="gnome"/>
    <property name="awt.toolkit" value="sun.awt.X11.XToolkit"/>
    <property name="file.encoding.pkg" value="sun.io"/>
    <property name="java.specification.version" value="1.8"/>
    <property name="sun.cpu.isalist" value=""/>
    <property name="sun.jnu.encoding" value="UTF-8"/>
    <property name="java.class.path" value="/home/rfpj/GIT-REPOS/SOA-Monolith/Pedido/target/test-classes:/home/rfpj/GIT-REPOS/SOA-Monolith/Pedido/target/classes:/home/rfpj/.m2/repository/org/springframework/boot/spring-boot-starter-actuator/2.0.0.M6/spring-boot-starter-actuator-2.0.0.M6.jar:/home/rfpj/.m2/repository/org/springframework/boot/spring-boot-starter/2.0.0.M6/spring-boot-starter-2.0.0.M6.jar:/home/rfpj/.m2/repository/org/springframework/boot/spring-boot/2.0.0.M6/spring-boot-2.0.0.M6.jar:/home/rfpj/.m2/repository/org/springframework/boot/spring-boot-autoconfigure/2.0.0.M6/spring-boot-autoconfigure-2.0.0.M6.jar:/home/rfpj/.m2/repository/org/springframework/boot/spring-boot-starter-logging/2.0.0.M6/spring-boot-starter-logging-2.0.0.M6.jar:/home/rfpj/.m2/repository/ch/qos/logback/logback-classic/1.2.3/logback-classic-1.2.3.jar:/home/rfpj/.m2/repository/ch/qos/logback/logback-core/1.2.3/logback-core-1.2.3.jar:/home/rfpj/.m2/repository/org/apache/logging/log4j/log4j-to-slf4j/2.9.1/log4j-to-slf4j-2.9.1.jar:/home/rfpj/.m2/repository/javax/annotation/javax.annotation-api/1.3.1/javax.annotation-api-1.3.1.jar:/home/rfpj/.m2/repository/org/yaml/snakeyaml/1.19/snakeyaml-1.19.jar:/home/rfpj/.m2/repository/org/springframework/boot/spring-boot-actuator-autoconfigure/2.0.0.M6/spring-boot-actuator-autoconfigure-2.0.0.M6.jar:/home/rfpj/.m2/repository/org/springframework/boot/spring-boot-actuator/2.0.0.M6/spring-boot-actuator-2.0.0.M6.jar:/home/rfpj/.m2/repository/com/fasterxml/jackson/core/jackson-databind/2.9.2/jackson-databind-2.9.2.jar:/home/rfpj/.m2/repository/com/fasterxml/jackson/core/jackson-core/2.9.2/jackson-core-2.9.2.jar:/home/rfpj/.m2/repository/org/springframework/spring-context/5.0.1.RELEASE/spring-context-5.0.1.RELEASE.jar:/home/rfpj/.m2/repository/io/micrometer/micrometer-core/1.0.0-rc.3/micrometer-core-1.0.0-rc.3.jar:/home/rfpj/.m2/repository/org/hdrhistogram/HdrHistogram/2.1.10/HdrHistogram-2.1.10.jar:/home/rfpj/.m2/repository/org/latencyutils/LatencyUtils/2.0.3/LatencyUtils-2.0.3.jar:/home/rfpj/.m2/repository/org/springframework/cloud/spring-cloud-starter-stream-rabbit/2.0.0.M2/spring-cloud-starter-stream-rabbit-2.0.0.M2.jar:/home/rfpj/.m2/repository/org/springframework/cloud/spring-cloud-stream-binder-rabbit/2.0.0.M2/spring-cloud-stream-binder-rabbit-2.0.0.M2.jar:/home/rfpj/.m2/repository/org/springframework/cloud/spring-cloud-stream-binder-rabbit-core/2.0.0.M2/spring-cloud-stream-binder-rabbit-core-2.0.0.M2.jar:/home/rfpj/.m2/repository/org/springframework/cloud/spring-cloud-stream/2.0.0.M2/spring-cloud-stream-2.0.0.M2.jar:/home/rfpj/.m2/repository/org/springframework/spring-messaging/5.0.1.RELEASE/spring-messaging-5.0.1.RELEASE.jar:/home/rfpj/.m2/repository/org/springframework/spring-tuple/1.0.0.RELEASE/spring-tuple-1.0.0.RELEASE.jar:/home/rfpj/.m2/repository/com/esotericsoftware/kryo-shaded/3.0.3/kryo-shaded-3.0.3.jar:/home/rfpj/.m2/repository/com/esotericsoftware/minlog/1.3.0/minlog-1.3.0.jar:/home/rfpj/.m2/repository/org/springframework/integration/spring-integration-tuple/1.0.0.RELEASE/spring-integration-tuple-1.0.0.RELEASE.jar:/home/rfpj/.m2/repository/org/springframework/retry/spring-retry/1.2.1.RELEASE/spring-retry-1.2.1.RELEASE.jar:/home/rfpj/.m2/repository/org/springframework/boot/spring-boot-starter-amqp/2.0.0.M6/spring-boot-starter-amqp-2.0.0.M6.jar:/home/rfpj/.m2/repository/org/springframework/amqp/spring-rabbit/2.0.0.RELEASE/spring-rabbit-2.0.0.RELEASE.jar:/home/rfpj/.m2/repository/org/springframework/amqp/spring-amqp/2.0.0.RELEASE/spring-amqp-2.0.0.RELEASE.jar:/home/rfpj/.m2/repository/com/rabbitmq/amqp-client/5.0.0/amqp-client-5.0.0.jar:/home/rfpj/.m2/repository/com/rabbitmq/http-client/1.3.0.RELEASE/http-client-1.3.0.RELEASE.jar:/home/rfpj/.m2/repository/org/apache/httpcomponents/httpclient/4.5.3/httpclient-4.5.3.jar:/home/rfpj/.m2/repository/org/apache/httpcomponents/httpcore/4.4.8/httpcore-4.4.8.jar:/home/rfpj/.m2/repository/commons-codec/commons-codec/1.11/commons-codec-1.11.jar:/home/rfpj/.m2/repository/org/springframework/integration/spring-integration-amqp/5.0.0.RC1/spring-integration-amqp-5.0.0.RC1.jar:/home/rfpj/.m2/repository/org/springframework/integration/spring-integration-core/5.0.0.RC1/spring-integration-core-5.0.0.RC1.jar:/home/rfpj/.m2/repository/org/springframework/spring-tx/5.0.1.RELEASE/spring-tx-5.0.1.RELEASE.jar:/home/rfpj/.m2/repository/io/projectreactor/reactor-core/3.1.1.RELEASE/reactor-core-3.1.1.RELEASE.jar:/home/rfpj/.m2/repository/org/reactivestreams/reactive-streams/1.0.1/reactive-streams-1.0.1.jar:/home/rfpj/.m2/repository/org/springframework/integration/spring-integration-jmx/5.0.0.RC1/spring-integration-jmx-5.0.0.RC1.jar:/home/rfpj/.m2/repository/org/springframework/integration/spring-integration-test/5.0.0.RC1/spring-integration-test-5.0.0.RC1.jar:/home/rfpj/.m2/repository/org/springframework/integration/spring-integration-test-support/5.0.0.RC1/spring-integration-test-support-5.0.0.RC1.jar:/home/rfpj/.m2/repository/org/hamcrest/hamcrest-all/1.3/hamcrest-all-1.3.jar:/home/rfpj/.m2/repository/org/springframework/boot/spring-boot-starter-web/2.0.0.M6/spring-boot-starter-web-2.0.0.M6.jar:/home/rfpj/.m2/repository/org/springframework/boot/spring-boot-starter-json/2.0.0.M6/spring-boot-starter-json-2.0.0.M6.jar:/home/rfpj/.m2/repository/com/fasterxml/jackson/datatype/jackson-datatype-jdk8/2.9.2/jackson-datatype-jdk8-2.9.2.jar:/home/rfpj/.m2/repository/com/fasterxml/jackson/datatype/jackson-datatype-jsr310/2.9.2/jackson-datatype-jsr310-2.9.2.jar:/home/rfpj/.m2/repository/com/fasterxml/jackson/module/jackson-module-parameter-names/2.9.2/jackson-module-parameter-names-2.9.2.jar:/home/rfpj/.m2/repository/com/fasterxml/jackson/module/jackson-module-kotlin/2.9.2/jackson-module-kotlin-2.9.2.jar:/home/rfpj/.m2/repository/org/springframework/boot/spring-boot-starter-tomcat/2.0.0.M6/spring-boot-starter-tomcat-2.0.0.M6.jar:/home/rfpj/.m2/repository/org/apache/tomcat/embed/tomcat-embed-core/8.5.23/tomcat-embed-core-8.5.23.jar:/home/rfpj/.m2/repository/org/apache/tomcat/tomcat-annotations-api/8.5.23/tomcat-annotations-api-8.5.23.jar:/home/rfpj/.m2/repository/org/apache/tomcat/embed/tomcat-embed-el/8.5.23/tomcat-embed-el-8.5.23.jar:/home/rfpj/.m2/repository/org/apache/tomcat/embed/tomcat-embed-websocket/8.5.23/tomcat-embed-websocket-8.5.23.jar:/home/rfpj/.m2/repository/org/hibernate/validator/hibernate-validator/6.0.4.Final/hibernate-validator-6.0.4.Final.jar:/home/rfpj/.m2/repository/javax/validation/validation-api/2.0.0.Final/validation-api-2.0.0.Final.jar:/home/rfpj/.m2/repository/org/jboss/logging/jboss-logging/3.3.1.Final/jboss-logging-3.3.1.Final.jar:/home/rfpj/.m2/repository/com/fasterxml/classmate/1.3.4/classmate-1.3.4.jar:/home/rfpj/.m2/repository/org/springframework/spring-web/5.0.1.RELEASE/spring-web-5.0.1.RELEASE.jar:/home/rfpj/.m2/repository/org/springframework/spring-beans/5.0.1.RELEASE/spring-beans-5.0.1.RELEASE.jar:/home/rfpj/.m2/repository/org/springframework/spring-webmvc/5.0.1.RELEASE/spring-webmvc-5.0.1.RELEASE.jar:/home/rfpj/.m2/repository/org/springframework/spring-aop/5.0.1.RELEASE/spring-aop-5.0.1.RELEASE.jar:/home/rfpj/.m2/repository/org/springframework/spring-expression/5.0.1.RELEASE/spring-expression-5.0.1.RELEASE.jar:/home/rfpj/.m2/repository/org/springframework/boot/spring-boot-starter-log4j2/2.0.0.M6/spring-boot-starter-log4j2-2.0.0.M6.jar:/home/rfpj/.m2/repository/org/apache/logging/log4j/log4j-slf4j-impl/2.9.1/log4j-slf4j-impl-2.9.1.jar:/home/rfpj/.m2/repository/org/apache/logging/log4j/log4j-api/2.9.1/log4j-api-2.9.1.jar:/home/rfpj/.m2/repository/org/apache/logging/log4j/log4j-core/2.9.1/log4j-core-2.9.1.jar:/home/rfpj/.m2/repository/org/springframework/boot/spring-boot-starter-jersey/2.0.0.M6/spring-boot-starter-jersey-2.0.0.M6.jar:/home/rfpj/.m2/repository/org/springframework/boot/spring-boot-starter-validation/2.0.0.M6/spring-boot-starter-validation-2.0.0.M6.jar:/home/rfpj/.m2/repository/org/glassfish/jersey/core/jersey-server/2.26/jersey-server-2.26.jar:/home/rfpj/.m2/repository/org/glassfish/jersey/core/jersey-common/2.26/jersey-common-2.26.jar:/home/rfpj/.m2/repository/org/glassfish/hk2/osgi-resource-locator/1.0.1/osgi-resource-locator-1.0.1.jar:/home/rfpj/.m2/repository/org/glassfish/jersey/core/jersey-client/2.26/jersey-client-2.26.jar:/home/rfpj/.m2/repository/javax/ws/rs/javax.ws.rs-api/2.1/javax.ws.rs-api-2.1.jar:/home/rfpj/.m2/repository/org/glassfish/jersey/media/jersey-media-jaxb/2.26/jersey-media-jaxb-2.26.jar:/home/rfpj/.m2/repository/org/glassfish/jersey/containers/jersey-container-servlet-core/2.26/jersey-container-servlet-core-2.26.jar:/home/rfpj/.m2/repository/org/glassfish/jersey/containers/jersey-container-servlet/2.26/jersey-container-servlet-2.26.jar:/home/rfpj/.m2/repository/org/glassfish/jersey/ext/jersey-bean-validation/2.26/jersey-bean-validation-2.26.jar:/home/rfpj/.m2/repository/org/glassfish/jersey/ext/jersey-spring4/2.26/jersey-spring4-2.26.jar:/home/rfpj/.m2/repository/org/glassfish/jersey/inject/jersey-hk2/2.26/jersey-hk2-2.26.jar:/home/rfpj/.m2/repository/org/glassfish/hk2/hk2-locator/2.5.0-b42/hk2-locator-2.5.0-b42.jar:/home/rfpj/.m2/repository/org/glassfish/hk2/external/aopalliance-repackaged/2.5.0-b42/aopalliance-repackaged-2.5.0-b42.jar:/home/rfpj/.m2/repository/org/javassist/javassist/3.22.0-CR2/javassist-3.22.0-CR2.jar:/home/rfpj/.m2/repository/org/glassfish/hk2/hk2/2.5.0-b42/hk2-2.5.0-b42.jar:/home/rfpj/.m2/repository/org/glassfish/hk2/hk2-utils/2.5.0-b42/hk2-utils-2.5.0-b42.jar:/home/rfpj/.m2/repository/javax/inject/javax.inject/1/javax.inject-1.jar:/home/rfpj/.m2/repository/org/glassfish/hk2/hk2-api/2.5.0-b42/hk2-api-2.5.0-b42.jar:/home/rfpj/.m2/repository/org/glassfish/hk2/config-types/2.5.0-b42/config-types-2.5.0-b42.jar:/home/rfpj/.m2/repository/org/glassfish/hk2/hk2-core/2.5.0-b42/hk2-core-2.5.0-b42.jar:/home/rfpj/.m2/repository/org/glassfish/hk2/hk2-config/2.5.0-b42/hk2-config-2.5.0-b42.jar:/home/rfpj/.m2/repository/org/glassfish/hk2/hk2-runlevel/2.5.0-b42/hk2-runlevel-2.5.0-b42.jar:/home/rfpj/.m2/repository/org/glassfish/hk2/class-model/2.5.0-b42/class-model-2.5.0-b42.jar:/home/rfpj/.m2/repository/org/glassfish/hk2/external/asm-all-repackaged/2.5.0-b42/asm-all-repackaged-2.5.0-b42.jar:/home/rfpj/.m2/repository/org/glassfish/hk2/spring-bridge/2.5.0-b42/spring-bridge-2.5.0-b42.jar:/home/rfpj/.m2/repository/org/glassfish/jersey/media/jersey-media-json-jackson/2.26/jersey-media-json-jackson-2.26.jar:/home/rfpj/.m2/repository/org/glassfish/jersey/ext/jersey-entity-filtering/2.26/jersey-entity-filtering-2.26.jar:/home/rfpj/.m2/repository/com/fasterxml/jackson/core/jackson-annotations/2.9.0/jackson-annotations-2.9.0.jar:/home/rfpj/.m2/repository/com/fasterxml/jackson/module/jackson-module-jaxb-annotations/2.9.2/jackson-module-jaxb-annotations-2.9.2.jar:/home/rfpj/.m2/repository/org/slf4j/jcl-over-slf4j/1.7.25/jcl-over-slf4j-1.7.25.jar:/home/rfpj/.m2/repository/org/slf4j/slf4j-api/1.7.25/slf4j-api-1.7.25.jar:/home/rfpj/.m2/repository/org/slf4j/jul-to-slf4j/1.7.25/jul-to-slf4j-1.7.25.jar:/home/rfpj/.m2/repository/org/slf4j/log4j-over-slf4j/1.7.25/log4j-over-slf4j-1.7.25.jar:/home/rfpj/.m2/repository/biz/paluch/logging/logstash-gelf/1.7.0/logstash-gelf-1.7.0.jar:/home/rfpj/.m2/repository/com/googlecode/json-simple/json-simple/1.1.1/json-simple-1.1.1.jar:/home/rfpj/.m2/repository/redis/clients/jedis/2.9.0/jedis-2.9.0.jar:/home/rfpj/.m2/repository/org/apache/commons/commons-pool2/2.4.3/commons-pool2-2.4.3.jar:/home/rfpj/.m2/repository/org/springframework/boot/spring-boot-starter-test/2.0.0.M6/spring-boot-starter-test-2.0.0.M6.jar:/home/rfpj/.m2/repository/org/springframework/boot/spring-boot-test/2.0.0.M6/spring-boot-test-2.0.0.M6.jar:/home/rfpj/.m2/repository/org/springframework/boot/spring-boot-test-autoconfigure/2.0.0.M6/spring-boot-test-autoconfigure-2.0.0.M6.jar:/home/rfpj/.m2/repository/com/jayway/jsonpath/json-path/2.4.0/json-path-2.4.0.jar:/home/rfpj/.m2/repository/net/minidev/json-smart/2.3/json-smart-2.3.jar:/home/rfpj/.m2/repository/net/minidev/accessors-smart/1.2/accessors-smart-1.2.jar:/home/rfpj/.m2/repository/org/ow2/asm/asm/5.0.4/asm-5.0.4.jar:/home/rfpj/.m2/repository/junit/junit/4.12/junit-4.12.jar:/home/rfpj/.m2/repository/org/assertj/assertj-core/3.8.0/assertj-core-3.8.0.jar:/home/rfpj/.m2/repository/org/mockito/mockito-core/2.11.0/mockito-core-2.11.0.jar:/home/rfpj/.m2/repository/net/bytebuddy/byte-buddy/1.7.8/byte-buddy-1.7.8.jar:/home/rfpj/.m2/repository/net/bytebuddy/byte-buddy-agent/1.7.8/byte-buddy-agent-1.7.8.jar:/home/rfpj/.m2/repository/org/objenesis/objenesis/2.6/objenesis-2.6.jar:/home/rfpj/.m2/repository/org/hamcrest/hamcrest-core/1.3/hamcrest-core-1.3.jar:/home/rfpj/.m2/repository/org/hamcrest/hamcrest-library/1.3/hamcrest-library-1.3.jar:/home/rfpj/.m2/repository/org/skyscreamer/jsonassert/1.5.0/jsonassert-1.5.0.jar:/home/rfpj/.m2/repository/com/vaadin/external/google/android-json/0.0.20131108.vaadin1/android-json-0.0.20131108.vaadin1.jar:/home/rfpj/.m2/repository/org/springframework/spring-core/5.0.1.RELEASE/spring-core-5.0.1.RELEASE.jar:/home/rfpj/.m2/repository/org/springframework/spring-jcl/5.0.1.RELEASE/spring-jcl-5.0.1.RELEASE.jar:/home/rfpj/.m2/repository/org/springframework/spring-test/5.0.1.RELEASE/spring-test-5.0.1.RELEASE.jar:/home/rfpj/.m2/repository/org/xmlunit/xmlunit-core/2.5.0/xmlunit-core-2.5.0.jar:/home/rfpj/.m2/repository/org/springframework/restdocs/spring-restdocs-mockmvc/2.0.0.RC1/spring-restdocs-mockmvc-2.0.0.RC1.jar:/home/rfpj/.m2/repository/javax/servlet/javax.servlet-api/3.1.0/javax.servlet-api-3.1.0.jar:/home/rfpj/.m2/repository/org/springframework/restdocs/spring-restdocs-core/2.0.0.RC1/spring-restdocs-core-2.0.0.RC1.jar:"/>
    <property name="java.vm.vendor" value="Oracle Corporation"/>
    <property name="sun.arch.data.model" value="64"/>
    <property name="java.vendor.url" value="http://java.oracle.com/"/>
    <property name="user.timezone" value=""/>
    <property name="java.vm.specification.version" value="1.8"/>
    <property name="os.name" value="Linux"/>
    <property name="user.country" value="BR"/>
    <property name="sun.java.launcher" value="SUN_STANDARD"/>
    <property name="sun.boot.library.path" value="/usr/java/jdk1.8.0_144/jre/lib/amd64"/>
    <property name="sun.java.command" value="/home/rfpj/GIT-REPOS/SOA-Monolith/Pedido/target/surefire/surefirebooter5261459929342383283.jar /home/rfpj/GIT-REPOS/SOA-Monolith/Pedido/target/surefire 2017-11-08T21-28-29_683-jvmRun1 surefire5744087605728594250tmp surefire_06477721545853618002tmp"/>
    <property name="surefire.test.class.path" value="/home/rfpj/GIT-REPOS/SOA-Monolith/Pedido/target/test-classes:/home/rfpj/GIT-REPOS/SOA-Monolith/Pedido/target/classes:/home/rfpj/.m2/repository/org/springframework/boot/spring-boot-starter-actuator/2.0.0.M6/spring-boot-starter-actuator-2.0.0.M6.jar:/home/rfpj/.m2/repository/org/springframework/boot/spring-boot-starter/2.0.0.M6/spring-boot-starter-2.0.0.M6.jar:/home/rfpj/.m2/repository/org/springframework/boot/spring-boot/2.0.0.M6/spring-boot-2.0.0.M6.jar:/home/rfpj/.m2/repository/org/springframework/boot/spring-boot-autoconfigure/2.0.0.M6/spring-boot-autoconfigure-2.0.0.M6.jar:/home/rfpj/.m2/repository/org/springframework/boot/spring-boot-starter-logging/2.0.0.M6/spring-boot-starter-logging-2.0.0.M6.jar:/home/rfpj/.m2/repository/ch/qos/logback/logback-classic/1.2.3/logback-classic-1.2.3.jar:/home/rfpj/.m2/repository/ch/qos/logback/logback-core/1.2.3/logback-core-1.2.3.jar:/home/rfpj/.m2/repository/org/apache/logging/log4j/log4j-to-slf4j/2.9.1/log4j-to-slf4j-2.9.1.jar:/home/rfpj/.m2/repository/javax/annotation/javax.annotation-api/1.3.1/javax.annotation-api-1.3.1.jar:/home/rfpj/.m2/repository/org/yaml/snakeyaml/1.19/snakeyaml-1.19.jar:/home/rfpj/.m2/repository/org/springframework/boot/spring-boot-actuator-autoconfigure/2.0.0.M6/spring-boot-actuator-autoconfigure-2.0.0.M6.jar:/home/rfpj/.m2/repository/org/springframework/boot/spring-boot-actuator/2.0.0.M6/spring-boot-actuator-2.0.0.M6.jar:/home/rfpj/.m2/repository/com/fasterxml/jackson/core/jackson-databind/2.9.2/jackson-databind-2.9.2.jar:/home/rfpj/.m2/repository/com/fasterxml/jackson/core/jackson-core/2.9.2/jackson-core-2.9.2.jar:/home/rfpj/.m2/repository/org/springframework/spring-context/5.0.1.RELEASE/spring-context-5.0.1.RELEASE.jar:/home/rfpj/.m2/repository/io/micrometer/micrometer-core/1.0.0-rc.3/micrometer-core-1.0.0-rc.3.jar:/home/rfpj/.m2/repository/org/hdrhistogram/HdrHistogram/2.1.10/HdrHistogram-2.1.10.jar:/home/rfpj/.m2/repository/org/latencyutils/LatencyUtils/2.0.3/LatencyUtils-2.0.3.jar:/home/rfpj/.m2/repository/org/springframework/cloud/spring-cloud-starter-stream-rabbit/2.0.0.M2/spring-cloud-starter-stream-rabbit-2.0.0.M2.jar:/home/rfpj/.m2/repository/org/springframework/cloud/spring-cloud-stream-binder-rabbit/2.0.0.M2/spring-cloud-stream-binder-rabbit-2.0.0.M2.jar:/home/rfpj/.m2/repository/org/springframework/cloud/spring-cloud-stream-binder-rabbit-core/2.0.0.M2/spring-cloud-stream-binder-rabbit-core-2.0.0.M2.jar:/home/rfpj/.m2/repository/org/springframework/cloud/spring-cloud-stream/2.0.0.M2/spring-cloud-stream-2.0.0.M2.jar:/home/rfpj/.m2/repository/org/springframework/spring-messaging/5.0.1.RELEASE/spring-messaging-5.0.1.RELEASE.jar:/home/rfpj/.m2/repository/org/springframework/spring-tuple/1.0.0.RELEASE/spring-tuple-1.0.0.RELEASE.jar:/home/rfpj/.m2/repository/com/esotericsoftware/kryo-shaded/3.0.3/kryo-shaded-3.0.3.jar:/home/rfpj/.m2/repository/com/esotericsoftware/minlog/1.3.0/minlog-1.3.0.jar:/home/rfpj/.m2/repository/org/springframework/integration/spring-integration-tuple/1.0.0.RELEASE/spring-integration-tuple-1.0.0.RELEASE.jar:/home/rfpj/.m2/repository/org/springframework/retry/spring-retry/1.2.1.RELEASE/spring-retry-1.2.1.RELEASE.jar:/home/rfpj/.m2/repository/org/springframework/boot/spring-boot-starter-amqp/2.0.0.M6/spring-boot-starter-amqp-2.0.0.M6.jar:/home/rfpj/.m2/repository/org/springframework/amqp/spring-rabbit/2.0.0.RELEASE/spring-rabbit-2.0.0.RELEASE.jar:/home/rfpj/.m2/repository/org/springframework/amqp/spring-amqp/2.0.0.RELEASE/spring-amqp-2.0.0.RELEASE.jar:/home/rfpj/.m2/repository/com/rabbitmq/amqp-client/5.0.0/amqp-client-5.0.0.jar:/home/rfpj/.m2/repository/com/rabbitmq/http-client/1.3.0.RELEASE/http-client-1.3.0.RELEASE.jar:/home/rfpj/.m2/repository/org/apache/httpcomponents/httpclient/4.5.3/httpclient-4.5.3.jar:/home/rfpj/.m2/repository/org/apache/httpcomponents/httpcore/4.4.8/httpcore-4.4.8.jar:/home/rfpj/.m2/repository/commons-codec/commons-codec/1.11/commons-codec-1.11.jar:/home/rfpj/.m2/repository/org/springframework/integration/spring-integration-amqp/5.0.0.RC1/spring-integration-amqp-5.0.0.RC1.jar:/home/rfpj/.m2/repository/org/springframework/integration/spring-integration-core/5.0.0.RC1/spring-integration-core-5.0.0.RC1.jar:/home/rfpj/.m2/repository/org/springframework/spring-tx/5.0.1.RELEASE/spring-tx-5.0.1.RELEASE.jar:/home/rfpj/.m2/repository/io/projectreactor/reactor-core/3.1.1.RELEASE/reactor-core-3.1.1.RELEASE.jar:/home/rfpj/.m2/repository/org/reactivestreams/reactive-streams/1.0.1/reactive-streams-1.0.1.jar:/home/rfpj/.m2/repository/org/springframework/integration/spring-integration-jmx/5.0.0.RC1/spring-integration-jmx-5.0.0.RC1.jar:/home/rfpj/.m2/repository/org/springframework/integration/spring-integration-test/5.0.0.RC1/spring-integration-test-5.0.0.RC1.jar:/home/rfpj/.m2/repository/org/springframework/integration/spring-integration-test-support/5.0.0.RC1/spring-integration-test-support-5.0.0.RC1.jar:/home/rfpj/.m2/repository/org/hamcrest/hamcrest-all/1.3/hamcrest-all-1.3.jar:/home/rfpj/.m2/repository/org/springframework/boot/spring-boot-starter-web/2.0.0.M6/spring-boot-starter-web-2.0.0.M6.jar:/home/rfpj/.m2/repository/org/springframework/boot/spring-boot-starter-json/2.0.0.M6/spring-boot-starter-json-2.0.0.M6.jar:/home/rfpj/.m2/repository/com/fasterxml/jackson/datatype/jackson-datatype-jdk8/2.9.2/jackson-datatype-jdk8-2.9.2.jar:/home/rfpj/.m2/repository/com/fasterxml/jackson/datatype/jackson-datatype-jsr310/2.9.2/jackson-datatype-jsr310-2.9.2.jar:/home/rfpj/.m2/repository/com/fasterxml/jackson/module/jackson-module-parameter-names/2.9.2/jackson-module-parameter-names-2.9.2.jar:/home/rfpj/.m2/repository/com/fasterxml/jackson/module/jackson-module-kotlin/2.9.2/jackson-module-kotlin-2.9.2.jar:/home/rfpj/.m2/repository/org/springframework/boot/spring-boot-starter-tomcat/2.0.0.M6/spring-boot-starter-tomcat-2.0.0.M6.jar:/home/rfpj/.m2/repository/org/apache/tomcat/embed/tomcat-embed-core/8.5.23/tomcat-embed-core-8.5.23.jar:/home/rfpj/.m2/repository/org/apache/tomcat/tomcat-annotations-api/8.5.23/tomcat-annotations-api-8.5.23.jar:/home/rfpj/.m2/repository/org/apache/tomcat/embed/tomcat-embed-el/8.5.23/tomcat-embed-el-8.5.23.jar:/home/rfpj/.m2/repository/org/apache/tomcat/embed/tomcat-embed-websocket/8.5.23/tomcat-embed-websocket-8.5.23.jar:/home/rfpj/.m2/repository/org/hibernate/validator/hibernate-validator/6.0.4.Final/hibernate-validator-6.0.4.Final.jar:/home/rfpj/.m2/repository/javax/validation/validation-api/2.0.0.Final/validation-api-2.0.0.Final.jar:/home/rfpj/.m2/repository/org/jboss/logging/jboss-logging/3.3.1.Final/jboss-logging-3.3.1.Final.jar:/home/rfpj/.m2/repository/com/fasterxml/classmate/1.3.4/classmate-1.3.4.jar:/home/rfpj/.m2/repository/org/springframework/spring-web/5.0.1.RELEASE/spring-web-5.0.1.RELEASE.jar:/home/rfpj/.m2/repository/org/springframework/spring-beans/5.0.1.RELEASE/spring-beans-5.0.1.RELEASE.jar:/home/rfpj/.m2/repository/org/springframework/spring-webmvc/5.0.1.RELEASE/spring-webmvc-5.0.1.RELEASE.jar:/home/rfpj/.m2/repository/org/springframework/spring-aop/5.0.1.RELEASE/spring-aop-5.0.1.RELEASE.jar:/home/rfpj/.m2/repository/org/springframework/spring-expression/5.0.1.RELEASE/spring-expression-5.0.1.RELEASE.jar:/home/rfpj/.m2/repository/org/springframework/boot/spring-boot-starter-log4j2/2.0.0.M6/spring-boot-starter-log4j2-2.0.0.M6.jar:/home/rfpj/.m2/repository/org/apache/logging/log4j/log4j-slf4j-impl/2.9.1/log4j-slf4j-impl-2.9.1.jar:/home/rfpj/.m2/repository/org/apache/logging/log4j/log4j-api/2.9.1/log4j-api-2.9.1.jar:/home/rfpj/.m2/repository/org/apache/logging/log4j/log4j-core/2.9.1/log4j-core-2.9.1.jar:/home/rfpj/.m2/repository/org/springframework/boot/spring-boot-starter-jersey/2.0.0.M6/spring-boot-starter-jersey-2.0.0.M6.jar:/home/rfpj/.m2/repository/org/springframework/boot/spring-boot-starter-validation/2.0.0.M6/spring-boot-starter-validation-2.0.0.M6.jar:/home/rfpj/.m2/repository/org/glassfish/jersey/core/jersey-server/2.26/jersey-server-2.26.jar:/home/rfpj/.m2/repository/org/glassfish/jersey/core/jersey-common/2.26/jersey-common-2.26.jar:/home/rfpj/.m2/repository/org/glassfish/hk2/osgi-resource-locator/1.0.1/osgi-resource-locator-1.0.1.jar:/home/rfpj/.m2/repository/org/glassfish/jersey/core/jersey-client/2.26/jersey-client-2.26.jar:/home/rfpj/.m2/repository/javax/ws/rs/javax.ws.rs-api/2.1/javax.ws.rs-api-2.1.jar:/home/rfpj/.m2/repository/org/glassfish/jersey/media/jersey-media-jaxb/2.26/jersey-media-jaxb-2.26.jar:/home/rfpj/.m2/repository/org/glassfish/jersey/containers/jersey-container-servlet-core/2.26/jersey-container-servlet-core-2.26.jar:/home/rfpj/.m2/repository/org/glassfish/jersey/containers/jersey-container-servlet/2.26/jersey-container-servlet-2.26.jar:/home/rfpj/.m2/repository/org/glassfish/jersey/ext/jersey-bean-validation/2.26/jersey-bean-validation-2.26.jar:/home/rfpj/.m2/repository/org/glassfish/jersey/ext/jersey-spring4/2.26/jersey-spring4-2.26.jar:/home/rfpj/.m2/repository/org/glassfish/jersey/inject/jersey-hk2/2.26/jersey-hk2-2.26.jar:/home/rfpj/.m2/repository/org/glassfish/hk2/hk2-locator/2.5.0-b42/hk2-locator-2.5.0-b42.jar:/home/rfpj/.m2/repository/org/glassfish/hk2/external/aopalliance-repackaged/2.5.0-b42/aopalliance-repackaged-2.5.0-b42.jar:/home/rfpj/.m2/repository/org/javassist/javassist/3.22.0-CR2/javassist-3.22.0-CR2.jar:/home/rfpj/.m2/repository/org/glassfish/hk2/hk2/2.5.0-b42/hk2-2.5.0-b42.jar:/home/rfpj/.m2/repository/org/glassfish/hk2/hk2-utils/2.5.0-b42/hk2-utils-2.5.0-b42.jar:/home/rfpj/.m2/repository/javax/inject/javax.inject/1/javax.inject-1.jar:/home/rfpj/.m2/repository/org/glassfish/hk2/hk2-api/2.5.0-b42/hk2-api-2.5.0-b42.jar:/home/rfpj/.m2/repository/org/glassfish/hk2/config-types/2.5.0-b42/config-types-2.5.0-b42.jar:/home/rfpj/.m2/repository/org/glassfish/hk2/hk2-core/2.5.0-b42/hk2-core-2.5.0-b42.jar:/home/rfpj/.m2/repository/org/glassfish/hk2/hk2-config/2.5.0-b42/hk2-config-2.5.0-b42.jar:/home/rfpj/.m2/repository/org/glassfish/hk2/hk2-runlevel/2.5.0-b42/hk2-runlevel-2.5.0-b42.jar:/home/rfpj/.m2/repository/org/glassfish/hk2/class-model/2.5.0-b42/class-model-2.5.0-b42.jar:/home/rfpj/.m2/repository/org/glassfish/hk2/external/asm-all-repackaged/2.5.0-b42/asm-all-repackaged-2.5.0-b42.jar:/home/rfpj/.m2/repository/org/glassfish/hk2/spring-bridge/2.5.0-b42/spring-bridge-2.5.0-b42.jar:/home/rfpj/.m2/repository/org/glassfish/jersey/media/jersey-media-json-jackson/2.26/jersey-media-json-jackson-2.26.jar:/home/rfpj/.m2/repository/org/glassfish/jersey/ext/jersey-entity-filtering/2.26/jersey-entity-filtering-2.26.jar:/home/rfpj/.m2/repository/com/fasterxml/jackson/core/jackson-annotations/2.9.0/jackson-annotations-2.9.0.jar:/home/rfpj/.m2/repository/com/fasterxml/jackson/module/jackson-module-jaxb-annotations/2.9.2/jackson-module-jaxb-annotations-2.9.2.jar:/home/rfpj/.m2/repository/org/slf4j/jcl-over-slf4j/1.7.25/jcl-over-slf4j-1.7.25.jar:/home/rfpj/.m2/repository/org/slf4j/slf4j-api/1.7.25/slf4j-api-1.7.25.jar:/home/rfpj/.m2/repository/org/slf4j/jul-to-slf4j/1.7.25/jul-to-slf4j-1.7.25.jar:/home/rfpj/.m2/repository/org/slf4j/log4j-over-slf4j/1.7.25/log4j-over-slf4j-1.7.25.jar:/home/rfpj/.m2/repository/biz/paluch/logging/logstash-gelf/1.7.0/logstash-gelf-1.7.0.jar:/home/rfpj/.m2/repository/com/googlecode/json-simple/json-simple/1.1.1/json-simple-1.1.1.jar:/home/rfpj/.m2/repository/redis/clients/jedis/2.9.0/jedis-2.9.0.jar:/home/rfpj/.m2/repository/org/apache/commons/commons-pool2/2.4.3/commons-pool2-2.4.3.jar:/home/rfpj/.m2/repository/org/springframework/boot/spring-boot-starter-test/2.0.0.M6/spring-boot-starter-test-2.0.0.M6.jar:/home/rfpj/.m2/repository/org/springframework/boot/spring-boot-test/2.0.0.M6/spring-boot-test-2.0.0.M6.jar:/home/rfpj/.m2/repository/org/springframework/boot/spring-boot-test-autoconfigure/2.0.0.M6/spring-boot-test-autoconfigure-2.0.0.M6.jar:/home/rfpj/.m2/repository/com/jayway/jsonpath/json-path/2.4.0/json-path-2.4.0.jar:/home/rfpj/.m2/repository/net/minidev/json-smart/2.3/json-smart-2.3.jar:/home/rfpj/.m2/repository/net/minidev/accessors-smart/1.2/accessors-smart-1.2.jar:/home/rfpj/.m2/repository/org/ow2/asm/asm/5.0.4/asm-5.0.4.jar:/home/rfpj/.m2/repository/junit/junit/4.12/junit-4.12.jar:/home/rfpj/.m2/repository/org/assertj/assertj-core/3.8.0/assertj-core-3.8.0.jar:/home/rfpj/.m2/repository/org/mockito/mockito-core/2.11.0/mockito-core-2.11.0.jar:/home/rfpj/.m2/repository/net/bytebuddy/byte-buddy/1.7.8/byte-buddy-1.7.8.jar:/home/rfpj/.m2/repository/net/bytebuddy/byte-buddy-agent/1.7.8/byte-buddy-agent-1.7.8.jar:/home/rfpj/.m2/repository/org/objenesis/objenesis/2.6/objenesis-2.6.jar:/home/rfpj/.m2/repository/org/hamcrest/hamcrest-core/1.3/hamcrest-core-1.3.jar:/home/rfpj/.m2/repository/org/hamcrest/hamcrest-library/1.3/hamcrest-library-1.3.jar:/home/rfpj/.m2/repository/org/skyscreamer/jsonassert/1.5.0/jsonassert-1.5.0.jar:/home/rfpj/.m2/repository/com/vaadin/external/google/android-json/0.0.20131108.vaadin1/android-json-0.0.20131108.vaadin1.jar:/home/rfpj/.m2/repository/org/springframework/spring-core/5.0.1.RELEASE/spring-core-5.0.1.RELEASE.jar:/home/rfpj/.m2/repository/org/springframework/spring-jcl/5.0.1.RELEASE/spring-jcl-5.0.1.RELEASE.jar:/home/rfpj/.m2/repository/org/springframework/spring-test/5.0.1.RELEASE/spring-test-5.0.1.RELEASE.jar:/home/rfpj/.m2/repository/org/xmlunit/xmlunit-core/2.5.0/xmlunit-core-2.5.0.jar:/home/rfpj/.m2/repository/org/springframework/restdocs/spring-restdocs-mockmvc/2.0.0.RC1/spring-restdocs-mockmvc-2.0.0.RC1.jar:/home/rfpj/.m2/repository/javax/servlet/javax.servlet-api/3.1.0/javax.servlet-api-3.1.0.jar:/home/rfpj/.m2/repository/org/springframework/restdocs/spring-restdocs-core/2.0.0.RC1/spring-restdocs-core-2.0.0.RC1.jar:"/>
    <property name="sun.cpu.endian" value="little"/>
    <property name="user.home" value="/home/rfpj"/>
    <property name="user.language" value="pt"/>
    <property name="java.specification.vendor" value="Oracle Corporation"/>
    <property name="java.home" value="/usr/java/jdk1.8.0_144/jre"/>
    <property name="basedir" value="/home/rfpj/GIT-REPOS/SOA-Monolith/Pedido"/>
    <property name="file.separator" value="/"/>
    <property name="line.separator" value="&#10;"/>
    <property name="java.vm.specification.vendor" value="Oracle Corporation"/>
    <property name="java.specification.name" value="Java Platform API Specification"/>
    <property name="java.awt.graphicsenv" value="sun.awt.X11GraphicsEnvironment"/>
    <property name="surefire.real.class.path" value="/home/rfpj/GIT-REPOS/SOA-Monolith/Pedido/target/surefire/surefirebooter5261459929342383283.jar"/>
    <property name="sun.boot.class.path" value="/usr/java/jdk1.8.0_144/jre/lib/resources.jar:/usr/java/jdk1.8.0_144/jre/lib/rt.jar:/usr/java/jdk1.8.0_144/jre/lib/sunrsasign.jar:/usr/java/jdk1.8.0_144/jre/lib/jsse.jar:/usr/java/jdk1.8.0_144/jre/lib/jce.jar:/usr/java/jdk1.8.0_144/jre/lib/charsets.jar:/usr/java/jdk1.8.0_144/jre/lib/jfr.jar:/usr/java/jdk1.8.0_144/jre/classes"/>
    <property name="sun.management.compiler" value="HotSpot 64-Bit Tiered Compilers"/>
    <property name="java.runtime.version" value="1.8.0_144-b01"/>
    <property name="user.name" value="rfpj"/>
    <property name="path.separator" value=":"/>
    <property name="os.version" value="3.10.0-693.5.2.el7.x86_64"/>
    <property name="java.endorsed.dirs" value="/usr/java/jdk1.8.0_144/jre/lib/endorsed"/>
    <property name="java.runtime.name" value="Java(TM) SE Runtime Environment"/>
    <property name="file.encoding" value="UTF-8"/>
    <property name="java.vm.name" value="Java HotSpot(TM) 64-Bit Server VM"/>
    <property name="localRepository" value="/home/rfpj/.m2/repository"/>
    <property name="java.vendor.url.bug" value="http://bugreport.sun.com/bugreport/"/>
    <property name="java.io.tmpdir" value="/tmp"/>
    <property name="java.version" value="1.8.0_144"/>
    <property name="user.dir" value="/home/rfpj/GIT-REPOS/SOA-Monolith/Pedido"/>
    <property name="os.arch" value="amd64"/>
    <property name="java.vm.specification.name" value="Java Virtual Machine Specification"/>
    <property name="java.awt.printerjob" value="sun.print.PSPrinterJob"/>
    <property name="sun.os.patch.level" value="unknown"/>
    <property name="java.library.path" value="/usr/java/packages/lib/amd64:/usr/lib64:/lib64:/lib:/usr/lib"/>
    <property name="java.vm.info" value="mixed mode"/>
    <property name="java.vendor" value="Oracle Corporation"/>
    <property name="java.vm.version" value="25.144-b01"/>
    <property name="java.ext.dirs" value="/usr/java/jdk1.8.0_144/jre/lib/ext:/usr/java/packages/lib/ext"/>
    <property name="sun.io.unicode.encoding" value="UnicodeLittle"/>
    <property name="java.class.version" value="52.0"/>
  </properties>
  <testcase name="contextLoads" classname="cin.microsservices.wildcats.pedido.PedidoApplicationTests" time="0.133"/>
</testsuite>